STAR version=2.7.1a
STAR compilation time,server,dir=Tue May 14 12:14:27 EDT 2019 vega:/home/dobin/data/STAR/STARcode/STAR.master/source
##### DEFAULT parameters:
versionGenome                     2.7.1a
parametersFiles                   -   
sysShell                          -
runMode                           alignReads
runThreadN                        1
runDirPerm                        User_RWX
runRNGseed                        777
genomeDir                         ./GenomeDir/
genomeLoad                        NoSharedMemory
genomeFastaFiles                  -   
genomeChainFiles                  -   
genomeSAindexNbases               14
genomeChrBinNbits                 18
genomeSAsparseD                   1
genomeSuffixLengthMax             18446744073709551615
genomeFileSizes                   0   
genomeConsensusFile               -
readFilesType                     Fastx   
readFilesIn                       Read1   Read2   
readFilesPrefix                   -
readFilesCommand                  -   
readMatesLengthsIn                NotEqual
readMapNumber                     18446744073709551615
readNameSeparator                 /   
inputBAMfile                      -
bamRemoveDuplicatesType           -
bamRemoveDuplicatesMate2basesN    0
limitGenomeGenerateRAM            31000000000
limitIObufferSize                 150000000
limitOutSAMoneReadBytes           100000
limitOutSJcollapsed               1000000
limitOutSJoneRead                 1000
limitBAMsortRAM                   0
limitSjdbInsertNsj                1000000
limitNreadsSoft                   18446744073709551615
outFileNamePrefix                 ./
outTmpDir                         -
outTmpKeep                        None
outStd                            Log
outReadsUnmapped                  None
outQSconversionAdd                0
outMultimapperOrder               Old_2.4
outSAMtype                        SAM   
outSAMmode                        Full
outSAMstrandField                 None
outSAMattributes                  Standard   
outSAMunmapped                    None   
outSAMorder                       Paired
outSAMprimaryFlag                 OneBestScore
outSAMreadID                      Standard
outSAMmapqUnique                  255
outSAMflagOR                      0
outSAMflagAND                     65535
outSAMattrRGline                  -   
outSAMheaderHD                    -   
outSAMheaderPG                    -   
outSAMheaderCommentFile           -
outBAMcompression                 1
outBAMsortingThreadN              0
outBAMsortingBinsN                50
outSAMfilter                      None   
outSAMmultNmax                    18446744073709551615
outSAMattrIHstart                 1
outSAMtlen                        1
outSJfilterReads                  All
outSJfilterCountUniqueMin         3   1   1   1   
outSJfilterCountTotalMin          3   1   1   1   
outSJfilterOverhangMin            30   12   12   12   
outSJfilterDistToOtherSJmin       10   0   5   10   
outSJfilterIntronMaxVsReadN       50000   100000   200000   
outWigType                        None   
outWigStrand                      Stranded   
outWigReferencesPrefix            -
outWigNorm                        RPM   
outFilterType                     Normal
outFilterMultimapNmax             10
outFilterMultimapScoreRange       1
outFilterScoreMin                 0
outFilterScoreMinOverLread        0.66
outFilterMatchNmin                0
outFilterMatchNminOverLread       0.66
outFilterMismatchNmax             10
outFilterMismatchNoverLmax        0.3
outFilterMismatchNoverReadLmax    1
outFilterIntronMotifs             None
outFilterIntronStrands            RemoveInconsistentStrands
clip5pNbases                      0   
clip3pNbases                      0   
clip3pAfterAdapterNbases          0   
clip3pAdapterSeq                  -   
clip3pAdapterMMp                  0.1   
winBinNbits                       16
winAnchorDistNbins                9
winFlankNbins                     4
winAnchorMultimapNmax             50
winReadCoverageRelativeMin        0.5
winReadCoverageBasesMin           0
scoreGap                          0
scoreGapNoncan                    -8
scoreGapGCAG                      -4
scoreGapATAC                      -8
scoreStitchSJshift                1
scoreGenomicLengthLog2scale       -0.25
scoreDelBase                      -2
scoreDelOpen                      -2
scoreInsOpen                      -2
scoreInsBase                      -2
seedSearchLmax                    0
seedSearchStartLmax               50
seedSearchStartLmaxOverLread      1
seedPerReadNmax                   1000
seedPerWindowNmax                 50
seedNoneLociPerWindow             10
seedMultimapNmax                  10000
seedSplitMin                      12
alignIntronMin                    21
alignIntronMax                    0
alignMatesGapMax                  0
alignTranscriptsPerReadNmax       10000
alignSJoverhangMin                5
alignSJDBoverhangMin              3
alignSJstitchMismatchNmax         0   -1   0   0   
alignSplicedMateMapLmin           0
alignSplicedMateMapLminOverLmate    0.66
alignWindowsPerReadNmax           10000
alignTranscriptsPerWindowNmax     100
alignEndsType                     Local
alignSoftClipAtReferenceEnds      Yes
alignEndsProtrude                 0   ConcordantPair   
alignInsertionFlush               None
peOverlapNbasesMin                0
peOverlapMMp                      0.01
chimSegmentMin                    0
chimScoreMin                      0
chimScoreDropMax                  20
chimScoreSeparation               10
chimScoreJunctionNonGTAG          -1
chimMainSegmentMultNmax           10
chimJunctionOverhangMin           20
chimOutType                       Junctions   
chimFilter                        banGenomicN   
chimSegmentReadGapMax             0
chimMultimapNmax                  0
chimMultimapScoreRange            1
chimNonchimScoreDropMin           20
chimOutJunctionFormat             0   
sjdbFileChrStartEnd               -   
sjdbGTFfile                       -
sjdbGTFchrPrefix                  -
sjdbGTFfeatureExon                exon
sjdbGTFtagExonParentTranscript    transcript_id
sjdbGTFtagExonParentGene          gene_id
sjdbGTFtagExonParentGeneName      gene_name   
sjdbGTFtagExonParentGeneType      gene_type   gene_biotype   
sjdbOverhang                      100
sjdbScore                         2
sjdbInsertSave                    Basic
varVCFfile                        -
waspOutputMode                    None
quantMode                         -   
quantTranscriptomeBAMcompression    1
quantTranscriptomeBan             IndelSoftclipSingleend
twopass1readsN                    18446744073709551615
twopassMode                       None
soloType                          None
soloCBstart                       1
soloUMIstart                      17
soloCBlen                         16
soloUMIlen                        10
soloBarcodeReadLength             1
soloCBwhitelist                   -
soloStrand                        Forward
soloOutFileNames                  Solo.out/   genes.tsv   barcodes.tsv   matrix.mtx   matrixSJ.mtx   matrixGeneFull.mtx   
soloFeatures                      Gene   
soloUMIdedup                      1MM_All   
##### Command Line:
STAR --runMode genomeGenerate --runThreadN 8 --genomeDir ./ --genomeFastaFiles ../ERCC.fasta --sjdbGTFfile ../ERCC.gtf --genomeSAindexNbases 7
##### Initial USER parameters from Command Line:
###### All USER parameters from Command Line:
runMode                       genomeGenerate     ~RE-DEFINED
runThreadN                    8     ~RE-DEFINED
genomeDir                     ./     ~RE-DEFINED
genomeFastaFiles              ../ERCC.fasta        ~RE-DEFINED
sjdbGTFfile                   ../ERCC.gtf     ~RE-DEFINED
genomeSAindexNbases           7     ~RE-DEFINED
##### Finished reading parameters from all sources

##### Final user re-defined parameters-----------------:
runMode                           genomeGenerate
runThreadN                        8
genomeDir                         ./
genomeFastaFiles                  ../ERCC.fasta   
genomeSAindexNbases               7
sjdbGTFfile                       ../ERCC.gtf

-------------------------------
##### Final effective command line:
STAR   --runMode genomeGenerate   --runThreadN 8   --genomeDir ./   --genomeFastaFiles ../ERCC.fasta      --genomeSAindexNbases 7   --sjdbGTFfile ../ERCC.gtf

##### Final parameters after user input--------------------------------:
versionGenome                     2.7.1a
parametersFiles                   -   
sysShell                          -
runMode                           genomeGenerate
runThreadN                        8
runDirPerm                        User_RWX
runRNGseed                        777
genomeDir                         ./
genomeLoad                        NoSharedMemory
genomeFastaFiles                  ../ERCC.fasta   
genomeChainFiles                  -   
genomeSAindexNbases               7
genomeChrBinNbits                 18
genomeSAsparseD                   1
genomeSuffixLengthMax             18446744073709551615
genomeFileSizes                   0   
genomeConsensusFile               -
readFilesType                     Fastx   
readFilesIn                       Read1   Read2   
readFilesPrefix                   -
readFilesCommand                  -   
readMatesLengthsIn                NotEqual
readMapNumber                     18446744073709551615
readNameSeparator                 /   
inputBAMfile                      -
bamRemoveDuplicatesType           -
bamRemoveDuplicatesMate2basesN    0
limitGenomeGenerateRAM            31000000000
limitIObufferSize                 150000000
limitOutSAMoneReadBytes           100000
limitOutSJcollapsed               1000000
limitOutSJoneRead                 1000
limitBAMsortRAM                   0
limitSjdbInsertNsj                1000000
limitNreadsSoft                   18446744073709551615
outFileNamePrefix                 ./
outTmpDir                         -
outTmpKeep                        None
outStd                            Log
outReadsUnmapped                  None
outQSconversionAdd                0
outMultimapperOrder               Old_2.4
outSAMtype                        SAM   
outSAMmode                        Full
outSAMstrandField                 None
outSAMattributes                  Standard   
outSAMunmapped                    None   
outSAMorder                       Paired
outSAMprimaryFlag                 OneBestScore
outSAMreadID                      Standard
outSAMmapqUnique                  255
outSAMflagOR                      0
outSAMflagAND                     65535
outSAMattrRGline                  -   
outSAMheaderHD                    -   
outSAMheaderPG                    -   
outSAMheaderCommentFile           -
outBAMcompression                 1
outBAMsortingThreadN              0
outBAMsortingBinsN                50
outSAMfilter                      None   
outSAMmultNmax                    18446744073709551615
outSAMattrIHstart                 1
outSAMtlen                        1
outSJfilterReads                  All
outSJfilterCountUniqueMin         3   1   1   1   
outSJfilterCountTotalMin          3   1   1   1   
outSJfilterOverhangMin            30   12   12   12   
outSJfilterDistToOtherSJmin       10   0   5   10   
outSJfilterIntronMaxVsReadN       50000   100000   200000   
outWigType                        None   
outWigStrand                      Stranded   
outWigReferencesPrefix            -
outWigNorm                        RPM   
outFilterType                     Normal
outFilterMultimapNmax             10
outFilterMultimapScoreRange       1
outFilterScoreMin                 0
outFilterScoreMinOverLread        0.66
outFilterMatchNmin                0
outFilterMatchNminOverLread       0.66
outFilterMismatchNmax             10
outFilterMismatchNoverLmax        0.3
outFilterMismatchNoverReadLmax    1
outFilterIntronMotifs             None
outFilterIntronStrands            RemoveInconsistentStrands
clip5pNbases                      0   
clip3pNbases                      0   
clip3pAfterAdapterNbases          0   
clip3pAdapterSeq                  -   
clip3pAdapterMMp                  0.1   
winBinNbits                       16
winAnchorDistNbins                9
winFlankNbins                     4
winAnchorMultimapNmax             50
winReadCoverageRelativeMin        0.5
winReadCoverageBasesMin           0
scoreGap                          0
scoreGapNoncan                    -8
scoreGapGCAG                      -4
scoreGapATAC                      -8
scoreStitchSJshift                1
scoreGenomicLengthLog2scale       -0.25
scoreDelBase                      -2
scoreDelOpen                      -2
scoreInsOpen                      -2
scoreInsBase                      -2
seedSearchLmax                    0
seedSearchStartLmax               50
seedSearchStartLmaxOverLread      1
seedPerReadNmax                   1000
seedPerWindowNmax                 50
seedNoneLociPerWindow             10
seedMultimapNmax                  10000
seedSplitMin                      12
alignIntronMin                    21
alignIntronMax                    0
alignMatesGapMax                  0
alignTranscriptsPerReadNmax       10000
alignSJoverhangMin                5
alignSJDBoverhangMin              3
alignSJstitchMismatchNmax         0   -1   0   0   
alignSplicedMateMapLmin           0
alignSplicedMateMapLminOverLmate    0.66
alignWindowsPerReadNmax           10000
alignTranscriptsPerWindowNmax     100
alignEndsType                     Local
alignSoftClipAtReferenceEnds      Yes
alignEndsProtrude                 0   ConcordantPair   
alignInsertionFlush               None
peOverlapNbasesMin                0
peOverlapMMp                      0.01
chimSegmentMin                    0
chimScoreMin                      0
chimScoreDropMax                  20
chimScoreSeparation               10
chimScoreJunctionNonGTAG          -1
chimMainSegmentMultNmax           10
chimJunctionOverhangMin           20
chimOutType                       Junctions   
chimFilter                        banGenomicN   
chimSegmentReadGapMax             0
chimMultimapNmax                  0
chimMultimapScoreRange            1
chimNonchimScoreDropMin           20
chimOutJunctionFormat             0   
sjdbFileChrStartEnd               -   
sjdbGTFfile                       ../ERCC.gtf
sjdbGTFchrPrefix                  -
sjdbGTFfeatureExon                exon
sjdbGTFtagExonParentTranscript    transcript_id
sjdbGTFtagExonParentGene          gene_id
sjdbGTFtagExonParentGeneName      gene_name   
sjdbGTFtagExonParentGeneType      gene_type   gene_biotype   
sjdbOverhang                      100
sjdbScore                         2
sjdbInsertSave                    Basic
varVCFfile                        -
waspOutputMode                    None
quantMode                         -   
quantTranscriptomeBAMcompression    1
quantTranscriptomeBan             IndelSoftclipSingleend
twopass1readsN                    18446744073709551615
twopassMode                       None
soloType                          None
soloCBstart                       1
soloUMIstart                      17
soloCBlen                         16
soloUMIlen                        10
soloBarcodeReadLength             1
soloCBwhitelist                   -
soloStrand                        Forward
soloOutFileNames                  Solo.out/   genes.tsv   barcodes.tsv   matrix.mtx   matrixSJ.mtx   matrixGeneFull.mtx   
soloFeatures                      Gene   
soloUMIdedup                      1MM_All   
----------------------------------------

Finished loading and checking parameters
Dec 16 11:57:23 ... starting to generate Genome files
../ERCC.fasta : chr # 0  "ERCC-00002" chrStart: 0
../ERCC.fasta : chr # 1  "ERCC-00003" chrStart: 262144
../ERCC.fasta : chr # 2  "ERCC-00004" chrStart: 524288
../ERCC.fasta : chr # 3  "ERCC-00007" chrStart: 786432
../ERCC.fasta : chr # 4  "ERCC-00009" chrStart: 1048576
../ERCC.fasta : chr # 5  "ERCC-00012" chrStart: 1310720
../ERCC.fasta : chr # 6  "ERCC-00013" chrStart: 1572864
../ERCC.fasta : chr # 7  "ERCC-00014" chrStart: 1835008
../ERCC.fasta : chr # 8  "ERCC-00016" chrStart: 2097152
../ERCC.fasta : chr # 9  "ERCC-00017" chrStart: 2359296
../ERCC.fasta : chr # 10  "ERCC-00018" chrStart: 2621440
../ERCC.fasta : chr # 11  "ERCC-00019" chrStart: 2883584
../ERCC.fasta : chr # 12  "ERCC-00022" chrStart: 3145728
../ERCC.fasta : chr # 13  "ERCC-00023" chrStart: 3407872
../ERCC.fasta : chr # 14  "ERCC-00024" chrStart: 3670016
../ERCC.fasta : chr # 15  "ERCC-00025" chrStart: 3932160
../ERCC.fasta : chr # 16  "ERCC-00028" chrStart: 4194304
../ERCC.fasta : chr # 17  "ERCC-00031" chrStart: 4456448
../ERCC.fasta : chr # 18  "ERCC-00033" chrStart: 4718592
../ERCC.fasta : chr # 19  "ERCC-00034" chrStart: 4980736
../ERCC.fasta : chr # 20  "ERCC-00035" chrStart: 5242880
../ERCC.fasta : chr # 21  "ERCC-00039" chrStart: 5505024
../ERCC.fasta : chr # 22  "ERCC-00040" chrStart: 5767168
../ERCC.fasta : chr # 23  "ERCC-00041" chrStart: 6029312
../ERCC.fasta : chr # 24  "ERCC-00042" chrStart: 6291456
../ERCC.fasta : chr # 25  "ERCC-00043" chrStart: 6553600
../ERCC.fasta : chr # 26  "ERCC-00044" chrStart: 6815744
../ERCC.fasta : chr # 27  "ERCC-00046" chrStart: 7077888
../ERCC.fasta : chr # 28  "ERCC-00048" chrStart: 7340032
../ERCC.fasta : chr # 29  "ERCC-00051" chrStart: 7602176
../ERCC.fasta : chr # 30  "ERCC-00053" chrStart: 7864320
../ERCC.fasta : chr # 31  "ERCC-00054" chrStart: 8126464
../ERCC.fasta : chr # 32  "ERCC-00057" chrStart: 8388608
../ERCC.fasta : chr # 33  "ERCC-00058" chrStart: 8650752
../ERCC.fasta : chr # 34  "ERCC-00059" chrStart: 8912896
../ERCC.fasta : chr # 35  "ERCC-00060" chrStart: 9175040
../ERCC.fasta : chr # 36  "ERCC-00061" chrStart: 9437184
../ERCC.fasta : chr # 37  "ERCC-00062" chrStart: 9699328
../ERCC.fasta : chr # 38  "ERCC-00067" chrStart: 9961472
../ERCC.fasta : chr # 39  "ERCC-00069" chrStart: 10223616
../ERCC.fasta : chr # 40  "ERCC-00071" chrStart: 10485760
../ERCC.fasta : chr # 41  "ERCC-00073" chrStart: 10747904
../ERCC.fasta : chr # 42  "ERCC-00074" chrStart: 11010048
../ERCC.fasta : chr # 43  "ERCC-00075" chrStart: 11272192
../ERCC.fasta : chr # 44  "ERCC-00076" chrStart: 11534336
../ERCC.fasta : chr # 45  "ERCC-00077" chrStart: 11796480
../ERCC.fasta : chr # 46  "ERCC-00078" chrStart: 12058624
../ERCC.fasta : chr # 47  "ERCC-00079" chrStart: 12320768
../ERCC.fasta : chr # 48  "ERCC-00081" chrStart: 12582912
../ERCC.fasta : chr # 49  "ERCC-00083" chrStart: 12845056
../ERCC.fasta : chr # 50  "ERCC-00084" chrStart: 13107200
../ERCC.fasta : chr # 51  "ERCC-00085" chrStart: 13369344
../ERCC.fasta : chr # 52  "ERCC-00086" chrStart: 13631488
../ERCC.fasta : chr # 53  "ERCC-00092" chrStart: 13893632
../ERCC.fasta : chr # 54  "ERCC-00095" chrStart: 14155776
../ERCC.fasta : chr # 55  "ERCC-00096" chrStart: 14417920
../ERCC.fasta : chr # 56  "ERCC-00097" chrStart: 14680064
../ERCC.fasta : chr # 57  "ERCC-00098" chrStart: 14942208
../ERCC.fasta : chr # 58  "ERCC-00099" chrStart: 15204352
../ERCC.fasta : chr # 59  "ERCC-00104" chrStart: 15466496
../ERCC.fasta : chr # 60  "ERCC-00108" chrStart: 15728640
../ERCC.fasta : chr # 61  "ERCC-00109" chrStart: 15990784
../ERCC.fasta : chr # 62  "ERCC-00111" chrStart: 16252928
../ERCC.fasta : chr # 63  "ERCC-00112" chrStart: 16515072
../ERCC.fasta : chr # 64  "ERCC-00113" chrStart: 16777216
../ERCC.fasta : chr # 65  "ERCC-00116" chrStart: 17039360
../ERCC.fasta : chr # 66  "ERCC-00117" chrStart: 17301504
../ERCC.fasta : chr # 67  "ERCC-00120" chrStart: 17563648
../ERCC.fasta : chr # 68  "ERCC-00123" chrStart: 17825792
../ERCC.fasta : chr # 69  "ERCC-00126" chrStart: 18087936
../ERCC.fasta : chr # 70  "ERCC-00128" chrStart: 18350080
../ERCC.fasta : chr # 71  "ERCC-00130" chrStart: 18612224
../ERCC.fasta : chr # 72  "ERCC-00131" chrStart: 18874368
../ERCC.fasta : chr # 73  "ERCC-00134" chrStart: 19136512
../ERCC.fasta : chr # 74  "ERCC-00136" chrStart: 19398656
../ERCC.fasta : chr # 75  "ERCC-00137" chrStart: 19660800
../ERCC.fasta : chr # 76  "ERCC-00138" chrStart: 19922944
../ERCC.fasta : chr # 77  "ERCC-00142" chrStart: 20185088
../ERCC.fasta : chr # 78  "ERCC-00143" chrStart: 20447232
../ERCC.fasta : chr # 79  "ERCC-00144" chrStart: 20709376
../ERCC.fasta : chr # 80  "ERCC-00145" chrStart: 20971520
../ERCC.fasta : chr # 81  "ERCC-00147" chrStart: 21233664
../ERCC.fasta : chr # 82  "ERCC-00148" chrStart: 21495808
../ERCC.fasta : chr # 83  "ERCC-00150" chrStart: 21757952
../ERCC.fasta : chr # 84  "ERCC-00154" chrStart: 22020096
../ERCC.fasta : chr # 85  "ERCC-00156" chrStart: 22282240
../ERCC.fasta : chr # 86  "ERCC-00157" chrStart: 22544384
../ERCC.fasta : chr # 87  "ERCC-00158" chrStart: 22806528
../ERCC.fasta : chr # 88  "ERCC-00160" chrStart: 23068672
../ERCC.fasta : chr # 89  "ERCC-00162" chrStart: 23330816
../ERCC.fasta : chr # 90  "ERCC-00163" chrStart: 23592960
../ERCC.fasta : chr # 91  "ERCC-00164" chrStart: 23855104
../ERCC.fasta : chr # 92  "ERCC-00165" chrStart: 24117248
../ERCC.fasta : chr # 93  "ERCC-00168" chrStart: 24379392
../ERCC.fasta : chr # 94  "ERCC-00170" chrStart: 24641536
../ERCC.fasta : chr # 95  "ERCC-00171" chrStart: 24903680
Estimated genome size=226165824   25165824   201000000
GstrandBit=32
Number of SA indices: 168062
Dec 16 11:57:24 ... starting to sort Suffix Array. This may take a long time...
Number of chunks: 8;   chunks size limit: 192064 bytes
Dec 16 11:57:24 ... sorting Suffix Array chunks and saving them to disk...
Writing 17256 bytes into .//SA_7 ; empty space on disk = 1184914997248 bytes ... done
Writing 191088 bytes into .//SA_4 ; empty space on disk = 1184914997248 bytes ... done
Writing 191544 bytes into .//SA_6 ; empty space on disk = 1184913948672 bytes ... done
Writing 188464 bytes into .//SA_5 ; empty space on disk = 1184913948672 bytes ... done
Writing 188320 bytes into .//SA_3 ; empty space on disk = 1184913948672 bytes ... done
Writing 188696 bytes into .//SA_2 ; empty space on disk = 1184913948672 bytes ... done
Writing 189256 bytes into .//SA_0 ; empty space on disk = 1184913948672 bytes ... done
Writing 189872 bytes into .//SA_1 ; empty space on disk = 1184913948672 bytes ... done
Dec 16 11:57:25 ... loading chunks from disk, packing SA...
Dec 16 11:57:25 ... finished generating suffix array
Dec 16 11:57:25 ... generating Suffix Array index
Dec 16 11:57:25 ... completed Suffix Array index
Dec 16 11:57:25 ..... processing annotations GTF
Processing pGe.sjdbGTFfile=../ERCC.gtf, found:
		96 transcripts
		96 exons (non-collapsed)
		0 collapsed junctions
Dec 16 11:57:26 ..... finished GTF processing
Dec 16 11:57:26   Loaded database junctions from the GTF file: ../ERCC.gtf: 0 total junctions

Dec 16 11:57:26   Finished preparing junctions
Dec 16 11:57:26 ..... finished inserting junctions into genome
Dec 16 11:57:26 ... writing Genome to disk ...
Writing 25165824 bytes into .//Genome ; empty space on disk = 1184940163072 bytes ... done
SA size in bytes: 693259
Dec 16 11:57:27 ... writing Suffix Array to disk ...
Writing 693259 bytes into .//SA ; empty space on disk = 1184914997248 bytes ... done
Dec 16 11:57:27 ... writing SAindex to disk
Writing 8 bytes into .//SAindex ; empty space on disk = 1184914997248 bytes ... done
Writing 64 bytes into .//SAindex ; empty space on disk = 1184914997248 bytes ... done
Writing 95571 bytes into .//SAindex ; empty space on disk = 1184914997248 bytes ... done
Dec 16 11:57:27 ..... finished successfully
DONE: Genome generation, EXITING
